<?xml version="1.0" encoding="UTF-8"?>
<testsuite name="cl.test.ejercicio.ApplicationTest" tests="3" skipped="0" failures="0" errors="0" timestamp="2022-04-14T20:50:19" hostname="SAN-5F3CMQ2" time="0.008">
  <properties/>
  <testcase name="failureHandler()" classname="cl.test.ejercicio.ApplicationTest" time="0.006"/>
  <testcase name="main()" classname="cl.test.ejercicio.ApplicationTest" time="0.0"/>
  <testcase name="passwordEncoder()" classname="cl.test.ejercicio.ApplicationTest" time="0.001"/>
  <system-out><![CDATA[]]></system-out>
  <system-err><![CDATA[]]></system-err>
</testsuite>
